[0.112s] DEBUG:colcon:Command line arguments: ['/usr/bin/colcon', 'build', '--symlink-install']
[0.112s] DEBUG:colcon:Parsed command line arguments: Namespace(log_base=None, log_level=None, verb_name='build', build_base='build', install_base='install', merge_install=False, symlink_install=True, test_result_base=None, continue_on_error=False, executor='parallel', parallel_workers=16, event_handlers=None, ignore_user_meta=False, metas=['./colcon.meta'], base_paths=['.'], packages_ignore=None, packages_ignore_regex=None, paths=None, packages_up_to=None, packages_up_to_regex=None, packages_above=None, packages_above_and_dependencies=None, packages_above_depth=None, packages_select_by_dep=None, packages_skip_by_dep=None, packages_skip_up_to=None, packages_select_build_failed=False, packages_skip_build_finished=False, packages_select_test_failures=False, packages_skip_test_passed=False, packages_select=None, packages_skip=None, packages_select_regex=None, packages_skip_regex=None, packages_start=None, packages_end=None, allow_overriding=[], cmake_args=None, cmake_target=None, cmake_target_skip_unavailable=False, cmake_clean_cache=False, cmake_clean_first=False, cmake_force_configure=False, ament_cmake_args=None, catkin_cmake_args=None, catkin_skip_building_tests=False, mixin_files=None, mixin=None, verb_parser=<colcon_mixin.mixin.mixin_argument.MixinArgumentDecorator object at 0x758dc47fc3b0>, verb_extension=<colcon_core.verb.build.BuildVerb object at 0x758dc4953fb0>, main=<bound method BuildVerb.main of <colcon_core.verb.build.BuildVerb object at 0x758dc4953fb0>>, mixin_verb=('build',))
[0.158s] Level 1:colcon.colcon_core.package_discovery:discover_packages(colcon_meta) check parameters
[0.158s] Level 1:colcon.colcon_core.package_discovery:discover_packages(recursive) check parameters
[0.158s] Level 1:colcon.colcon_core.package_discovery:discover_packages(ignore) check parameters
[0.159s] Level 1:colcon.colcon_core.package_discovery:discover_packages(path) check parameters
[0.159s] Level 1:colcon.colcon_core.package_discovery:discover_packages(colcon_meta) discover
[0.159s] Level 1:colcon.colcon_core.package_discovery:discover_packages(recursive) discover
[0.159s] INFO:colcon.colcon_core.package_discovery:Crawling recursively for packages in '/home/EL7009/tarea_1'
[0.159s] Level 1:colcon.colcon_core.package_identification:_identify(.) by extensions ['ignore', 'ignore_ament_install']
[0.159s] Level 1:colcon.colcon_core.package_identification:_identify(.) by extension 'ignore'
[0.159s] Level 1:colcon.colcon_core.package_identification:_identify(.) by extension 'ignore_ament_install'
[0.159s] Level 1:colcon.colcon_core.package_identification:_identify(.) by extensions ['colcon_pkg']
[0.159s] Level 1:colcon.colcon_core.package_identification:_identify(.) by extension 'colcon_pkg'
[0.159s] Level 1:colcon.colcon_core.package_identification:_identify(.) by extensions ['colcon_meta']
[0.159s] Level 1:colcon.colcon_core.package_identification:_identify(.) by extension 'colcon_meta'
[0.159s] Level 1:colcon.colcon_core.package_identification:_identify(.) by extensions ['ros']
[0.159s] Level 1:colcon.colcon_core.package_identification:_identify(.) by extension 'ros'
[0.178s] Level 1:colcon.colcon_core.package_identification:_identify(.) by extensions ['cmake', 'python']
[0.178s] Level 1:colcon.colcon_core.package_identification:_identify(.) by extension 'cmake'
[0.178s] Level 1:colcon.colcon_core.package_identification:_identify(.) by extension 'python'
[0.178s] Level 1:colcon.colcon_core.package_identification:_identify(.) by extensions ['python_setup_py']
[0.178s] Level 1:colcon.colcon_core.package_identification:_identify(.) by extension 'python_setup_py'
[0.178s] Level 1:colcon.colcon_core.package_identification:_identify(build) by extensions ['ignore', 'ignore_ament_install']
[0.178s] Level 1:colcon.colcon_core.package_identification:_identify(build) by extension 'ignore'
[0.178s] Level 1:colcon.colcon_core.package_identification:_identify(build) ignored
[0.178s] Level 1:colcon.colcon_core.package_identification:_identify(el7009_diff_drive_robot) by extensions ['ignore', 'ignore_ament_install']
[0.178s] Level 1:colcon.colcon_core.package_identification:_identify(el7009_diff_drive_robot) by extension 'ignore'
[0.178s] Level 1:colcon.colcon_core.package_identification:_identify(el7009_diff_drive_robot) by extension 'ignore_ament_install'
[0.178s] Level 1:colcon.colcon_core.package_identification:_identify(el7009_diff_drive_robot) by extensions ['colcon_pkg']
[0.178s] Level 1:colcon.colcon_core.package_identification:_identify(el7009_diff_drive_robot) by extension 'colcon_pkg'
[0.178s] Level 1:colcon.colcon_core.package_identification:_identify(el7009_diff_drive_robot) by extensions ['colcon_meta']
[0.178s] Level 1:colcon.colcon_core.package_identification:_identify(el7009_diff_drive_robot) by extension 'colcon_meta'
[0.179s] Level 1:colcon.colcon_core.package_identification:_identify(el7009_diff_drive_robot) by extensions ['ros']
[0.179s] Level 1:colcon.colcon_core.package_identification:_identify(el7009_diff_drive_robot) by extension 'ros'
[0.180s] DEBUG:colcon.colcon_core.package_identification:Package 'el7009_diff_drive_robot' with type 'ros.ament_cmake' and name 'el7009_diff_drive_robot'
[0.180s] Level 1:colcon.colcon_core.package_identification:_identify(install) by extensions ['ignore', 'ignore_ament_install']
[0.180s] Level 1:colcon.colcon_core.package_identification:_identify(install) by extension 'ignore'
[0.180s] Level 1:colcon.colcon_core.package_identification:_identify(install) ignored
[0.180s] Level 1:colcon.colcon_core.package_identification:_identify(log) by extensions ['ignore', 'ignore_ament_install']
[0.181s] Level 1:colcon.colcon_core.package_identification:_identify(log) by extension 'ignore'
[0.181s] Level 1:colcon.colcon_core.package_identification:_identify(log) ignored
[0.181s] Level 1:colcon.colcon_core.package_discovery:discover_packages(recursive) using defaults
[0.181s] Level 1:colcon.colcon_core.package_discovery:discover_packages(ignore) discover
[0.181s] Level 1:colcon.colcon_core.package_discovery:discover_packages(ignore) using defaults
[0.181s] Level 1:colcon.colcon_core.package_discovery:discover_packages(path) discover
[0.181s] Level 1:colcon.colcon_core.package_discovery:discover_packages(path) using defaults
[0.197s] Level 1:colcon.colcon_core.package_discovery:discover_packages(prefix_path) check parameters
[0.197s] Level 1:colcon.colcon_core.package_discovery:discover_packages(prefix_path) discover
[0.200s] DEBUG:colcon.colcon_installed_package_information.package_discovery:Found 1 installed packages in /home/EL7009/tarea_1/install
[0.201s] DEBUG:colcon.colcon_installed_package_information.package_discovery:Found 315 installed packages in /opt/ros/jazzy
[0.202s] Level 1:colcon.colcon_core.package_discovery:discover_packages(prefix_path) using defaults
[0.237s] Level 5:colcon.colcon_core.verb:set package 'el7009_diff_drive_robot' build argument 'cmake_args' from command line to 'None'
[0.237s] Level 5:colcon.colcon_core.verb:set package 'el7009_diff_drive_robot' build argument 'cmake_target' from command line to 'None'
[0.237s] Level 5:colcon.colcon_core.verb:set package 'el7009_diff_drive_robot' build argument 'cmake_target_skip_unavailable' from command line to 'False'
[0.237s] Level 5:colcon.colcon_core.verb:set package 'el7009_diff_drive_robot' build argument 'cmake_clean_cache' from command line to 'False'
[0.237s] Level 5:colcon.colcon_core.verb:set package 'el7009_diff_drive_robot' build argument 'cmake_clean_first' from command line to 'False'
[0.237s] Level 5:colcon.colcon_core.verb:set package 'el7009_diff_drive_robot' build argument 'cmake_force_configure' from command line to 'False'
[0.237s] Level 5:colcon.colcon_core.verb:set package 'el7009_diff_drive_robot' build argument 'ament_cmake_args' from command line to 'None'
[0.237s] Level 5:colcon.colcon_core.verb:set package 'el7009_diff_drive_robot' build argument 'catkin_cmake_args' from command line to 'None'
[0.237s] Level 5:colcon.colcon_core.verb:set package 'el7009_diff_drive_robot' build argument 'catkin_skip_building_tests' from command line to 'False'
[0.238s] DEBUG:colcon.colcon_core.verb:Building package 'el7009_diff_drive_robot' with the following arguments: {'ament_cmake_args': None, 'build_base': '/home/EL7009/tarea_1/build/el7009_diff_drive_robot', 'catkin_cmake_args': None, 'catkin_skip_building_tests': False, 'cmake_args': None, 'cmake_clean_cache': False, 'cmake_clean_first': False, 'cmake_force_configure': False, 'cmake_target': None, 'cmake_target_skip_unavailable': False, 'install_base': '/home/EL7009/tarea_1/install/el7009_diff_drive_robot', 'merge_install': False, 'path': '/home/EL7009/tarea_1/el7009_diff_drive_robot', 'symlink_install': True, 'test_result_base': None}
[0.238s] INFO:colcon.colcon_core.executor:Executing jobs using 'parallel' executor
[0.238s] DEBUG:colcon.colcon_parallel_executor.executor.parallel:run_until_complete
[0.238s] INFO:colcon.colcon_ros.task.ament_cmake.build:Building ROS package in '/home/EL7009/tarea_1/el7009_diff_drive_robot' with build type 'ament_cmake'
[0.239s] INFO:colcon.colcon_cmake.task.cmake.build:Building CMake package in '/home/EL7009/tarea_1/el7009_diff_drive_robot'
[0.242s] INFO:colcon.colcon_core.plugin_system:Skipping extension 'colcon_core.shell.bat': Not used on non-Windows systems
[0.242s] INFO:colcon.colcon_core.shell:Skip shell extension 'powershell' for command environment: Not usable outside of PowerShell
[0.242s] DEBUG:colcon.colcon_core.shell:Skip shell extension 'dsv' for command environment
[0.250s] DEBUG:colcon.colcon_core.event_handler.log_command:Invoking command in '/home/EL7009/tarea_1/build/el7009_diff_drive_robot': CMAKE_PREFIX_PATH=${CMAKE_PREFIX_PATH}:/opt/ros/jazzy /usr/bin/cmake --build /home/EL7009/tarea_1/build/el7009_diff_drive_robot -- -j16 -l16
[0.612s] DEBUG:colcon.colcon_core.event_handler.log_command:Invoked command in '/home/EL7009/tarea_1/build/el7009_diff_drive_robot' returned '0': CMAKE_PREFIX_PATH=${CMAKE_PREFIX_PATH}:/opt/ros/jazzy /usr/bin/cmake --build /home/EL7009/tarea_1/build/el7009_diff_drive_robot -- -j16 -l16
[0.623s] DEBUG:colcon.colcon_core.event_handler.log_command:Invoking command in '/home/EL7009/tarea_1/build/el7009_diff_drive_robot': CMAKE_PREFIX_PATH=${CMAKE_PREFIX_PATH}:/opt/ros/jazzy /usr/bin/cmake --install /home/EL7009/tarea_1/build/el7009_diff_drive_robot
[0.656s] Level 1:colcon.colcon_core.environment:create_environment_scripts_only(el7009_diff_drive_robot)
[0.656s] DEBUG:colcon.colcon_core.event_handler.log_command:Invoked command in '/home/EL7009/tarea_1/build/el7009_diff_drive_robot' returned '0': CMAKE_PREFIX_PATH=${CMAKE_PREFIX_PATH}:/opt/ros/jazzy /usr/bin/cmake --install /home/EL7009/tarea_1/build/el7009_diff_drive_robot
[0.660s] Level 1:colcon.colcon_core.environment:checking '/home/EL7009/tarea_1/install/el7009_diff_drive_robot' for CMake module files
[0.660s] Level 1:colcon.colcon_core.environment:checking '/home/EL7009/tarea_1/install/el7009_diff_drive_robot' for CMake config files
[0.661s] Level 1:colcon.colcon_core.shell:create_environment_hook('el7009_diff_drive_robot', 'cmake_prefix_path')
[0.661s] INFO:colcon.colcon_core.shell:Creating environment hook '/home/EL7009/tarea_1/install/el7009_diff_drive_robot/share/el7009_diff_drive_robot/hook/cmake_prefix_path.ps1'
[0.662s] INFO:colcon.colcon_core.shell:Creating environment descriptor '/home/EL7009/tarea_1/install/el7009_diff_drive_robot/share/el7009_diff_drive_robot/hook/cmake_prefix_path.dsv'
[0.662s] INFO:colcon.colcon_core.shell:Creating environment hook '/home/EL7009/tarea_1/install/el7009_diff_drive_robot/share/el7009_diff_drive_robot/hook/cmake_prefix_path.sh'
[0.663s] Level 1:colcon.colcon_core.environment:checking '/home/EL7009/tarea_1/install/el7009_diff_drive_robot/lib'
[0.663s] Level 1:colcon.colcon_core.environment:checking '/home/EL7009/tarea_1/install/el7009_diff_drive_robot/bin'
[0.663s] Level 1:colcon.colcon_core.environment:checking '/home/EL7009/tarea_1/install/el7009_diff_drive_robot/lib/pkgconfig/el7009_diff_drive_robot.pc'
[0.663s] Level 1:colcon.colcon_core.environment:checking '/home/EL7009/tarea_1/install/el7009_diff_drive_robot/lib/python3.12/site-packages'
[0.663s] Level 1:colcon.colcon_core.environment:checking '/home/EL7009/tarea_1/install/el7009_diff_drive_robot/bin'
[0.663s] INFO:colcon.colcon_core.shell:Creating package script '/home/EL7009/tarea_1/install/el7009_diff_drive_robot/share/el7009_diff_drive_robot/package.ps1'
[0.664s] INFO:colcon.colcon_core.shell:Creating package descriptor '/home/EL7009/tarea_1/install/el7009_diff_drive_robot/share/el7009_diff_drive_robot/package.dsv'
[0.665s] INFO:colcon.colcon_core.shell:Creating package script '/home/EL7009/tarea_1/install/el7009_diff_drive_robot/share/el7009_diff_drive_robot/package.sh'
[0.665s] INFO:colcon.colcon_core.shell:Creating package script '/home/EL7009/tarea_1/install/el7009_diff_drive_robot/share/el7009_diff_drive_robot/package.bash'
[0.666s] INFO:colcon.colcon_core.shell:Creating package script '/home/EL7009/tarea_1/install/el7009_diff_drive_robot/share/el7009_diff_drive_robot/package.zsh'
[0.666s] Level 1:colcon.colcon_core.environment:create_file_with_runtime_dependencies(/home/EL7009/tarea_1/install/el7009_diff_drive_robot/share/colcon-core/packages/el7009_diff_drive_robot)
[0.667s] Level 1:colcon.colcon_core.environment:create_environment_scripts_only(el7009_diff_drive_robot)
[0.667s] Level 1:colcon.colcon_core.environment:checking '/home/EL7009/tarea_1/install/el7009_diff_drive_robot' for CMake module files
[0.667s] Level 1:colcon.colcon_core.environment:checking '/home/EL7009/tarea_1/install/el7009_diff_drive_robot' for CMake config files
[0.668s] Level 1:colcon.colcon_core.shell:create_environment_hook('el7009_diff_drive_robot', 'cmake_prefix_path')
[0.668s] INFO:colcon.colcon_core.shell:Creating environment hook '/home/EL7009/tarea_1/install/el7009_diff_drive_robot/share/el7009_diff_drive_robot/hook/cmake_prefix_path.ps1'
[0.668s] INFO:colcon.colcon_core.shell:Creating environment descriptor '/home/EL7009/tarea_1/install/el7009_diff_drive_robot/share/el7009_diff_drive_robot/hook/cmake_prefix_path.dsv'
[0.668s] INFO:colcon.colcon_core.shell:Creating environment hook '/home/EL7009/tarea_1/install/el7009_diff_drive_robot/share/el7009_diff_drive_robot/hook/cmake_prefix_path.sh'
[0.669s] Level 1:colcon.colcon_core.environment:checking '/home/EL7009/tarea_1/install/el7009_diff_drive_robot/lib'
[0.669s] Level 1:colcon.colcon_core.environment:checking '/home/EL7009/tarea_1/install/el7009_diff_drive_robot/bin'
[0.669s] Level 1:colcon.colcon_core.environment:checking '/home/EL7009/tarea_1/install/el7009_diff_drive_robot/lib/pkgconfig/el7009_diff_drive_robot.pc'
[0.669s] Level 1:colcon.colcon_core.environment:checking '/home/EL7009/tarea_1/install/el7009_diff_drive_robot/lib/python3.12/site-packages'
[0.669s] Level 1:colcon.colcon_core.environment:checking '/home/EL7009/tarea_1/install/el7009_diff_drive_robot/bin'
[0.669s] INFO:colcon.colcon_core.shell:Creating package script '/home/EL7009/tarea_1/install/el7009_diff_drive_robot/share/el7009_diff_drive_robot/package.ps1'
[0.670s] INFO:colcon.colcon_core.shell:Creating package descriptor '/home/EL7009/tarea_1/install/el7009_diff_drive_robot/share/el7009_diff_drive_robot/package.dsv'
[0.670s] INFO:colcon.colcon_core.shell:Creating package script '/home/EL7009/tarea_1/install/el7009_diff_drive_robot/share/el7009_diff_drive_robot/package.sh'
[0.670s] INFO:colcon.colcon_core.shell:Creating package script '/home/EL7009/tarea_1/install/el7009_diff_drive_robot/share/el7009_diff_drive_robot/package.bash'
[0.671s] INFO:colcon.colcon_core.shell:Creating package script '/home/EL7009/tarea_1/install/el7009_diff_drive_robot/share/el7009_diff_drive_robot/package.zsh'
[0.671s] Level 1:colcon.colcon_core.environment:create_file_with_runtime_dependencies(/home/EL7009/tarea_1/install/el7009_diff_drive_robot/share/colcon-core/packages/el7009_diff_drive_robot)
[0.671s] DEBUG:colcon.colcon_parallel_executor.executor.parallel:closing loop
[0.671s] DEBUG:colcon.colcon_parallel_executor.executor.parallel:loop closed
[0.671s] DEBUG:colcon.colcon_parallel_executor.executor.parallel:run_until_complete finished with '0'
[0.671s] DEBUG:colcon.colcon_core.event_reactor:joining thread
[0.679s] INFO:colcon.colcon_core.plugin_system:Skipping extension 'colcon_notification.desktop_notification.notify_send': Could not find 'notify-send'
[0.679s] INFO:colcon.colcon_core.plugin_system:Skipping extension 'colcon_notification.desktop_notification.terminal_notifier': Not used on non-Darwin systems
[0.679s] INFO:colcon.colcon_core.plugin_system:Skipping extension 'colcon_notification.desktop_notification.win32': Not used on non-Windows systems
[0.679s] INFO:colcon.colcon_notification.desktop_notification:Sending desktop notification using 'notify2'
[0.693s] DEBUG:colcon.colcon_notification.desktop_notification.notify2:Failed to initialize notify2: org.freedesktop.DBus.Error.ServiceUnknown: The name org.freedesktop.Notifications was not provided by any .service files
[0.693s] DEBUG:colcon.colcon_core.event_reactor:joined thread
[0.694s] INFO:colcon.colcon_core.shell:Creating prefix script '/home/EL7009/tarea_1/install/local_setup.ps1'
[0.696s] INFO:colcon.colcon_core.shell:Creating prefix util module '/home/EL7009/tarea_1/install/_local_setup_util_ps1.py'
[0.697s] INFO:colcon.colcon_core.shell:Creating prefix chain script '/home/EL7009/tarea_1/install/setup.ps1'
[0.698s] INFO:colcon.colcon_core.shell:Creating prefix script '/home/EL7009/tarea_1/install/local_setup.sh'
[0.698s] INFO:colcon.colcon_core.shell:Creating prefix util module '/home/EL7009/tarea_1/install/_local_setup_util_sh.py'
[0.699s] INFO:colcon.colcon_core.shell:Creating prefix chain script '/home/EL7009/tarea_1/install/setup.sh'
[0.700s] INFO:colcon.colcon_core.shell:Creating prefix script '/home/EL7009/tarea_1/install/local_setup.bash'
[0.700s] INFO:colcon.colcon_core.shell:Creating prefix chain script '/home/EL7009/tarea_1/install/setup.bash'
[0.701s] INFO:colcon.colcon_core.shell:Creating prefix script '/home/EL7009/tarea_1/install/local_setup.zsh'
[0.701s] INFO:colcon.colcon_core.shell:Creating prefix chain script '/home/EL7009/tarea_1/install/setup.zsh'
