[0.013s] Invoking command in '/home/EL7009/tarea_1/build/el7009_diff_drive_robot': CMAKE_PREFIX_PATH=${CMAKE_PREFIX_PATH}:/opt/ros/jazzy /usr/bin/cmake --build /home/EL7009/tarea_1/build/el7009_diff_drive_robot -- -j16 -l16
[0.068s] -- Found ament_cmake: 2.5.3 (/opt/ros/jazzy/share/ament_cmake/cmake)
[0.345s] -- Override CMake install command with custom implementation using symlinks instead of copying resources
[0.367s] -- Found ament_lint_auto: 0.17.1 (/opt/ros/jazzy/share/ament_lint_auto/cmake)
[0.504s] -- Added test 'flake8' to check Python code syntax and style conventions
[0.504s] -- Configured 'flake8' exclude dirs and/or files: 
[0.505s] -- Added test 'lint_cmake' to check CMake code style
[0.506s] -- Added test 'pep257' to check Python code against some of the docstring style conventions in PEP 257
[0.508s] -- Added test 'xmllint' to check XML markup files
[0.510s] -- Configuring done (0.5s)
[0.521s] -- Generating done (0.0s)
[0.524s] -- Build files have been written to: /home/EL7009/tarea_1/build/el7009_diff_drive_robot
[0.559s] Invoked command in '/home/EL7009/tarea_1/build/el7009_diff_drive_robot' returned '0': CMAKE_PREFIX_PATH=${CMAKE_PREFIX_PATH}:/opt/ros/jazzy /usr/bin/cmake --build /home/EL7009/tarea_1/build/el7009_diff_drive_robot -- -j16 -l16
[0.574s] Invoking command in '/home/EL7009/tarea_1/build/el7009_diff_drive_robot': CMAKE_PREFIX_PATH=${CMAKE_PREFIX_PATH}:/opt/ros/jazzy /usr/bin/cmake --install /home/EL7009/tarea_1/build/el7009_diff_drive_robot
[0.587s] -- Install configuration: ""
[0.587s] -- Execute custom install script
[0.587s] -- Up-to-date symlink: /home/EL7009/tarea_1/install/el7009_diff_drive_robot/share/el7009_diff_drive_robot/launch/robot.launch.py
[0.587s] -- Up-to-date symlink: /home/EL7009/tarea_1/install/el7009_diff_drive_robot/share/el7009_diff_drive_robot/launch/rsp.launch.py
[0.588s] -- Up-to-date symlink: /home/EL7009/tarea_1/install/el7009_diff_drive_robot/share/el7009_diff_drive_robot/urdf/gazebo_control.xacro
[0.588s] -- Up-to-date symlink: /home/EL7009/tarea_1/install/el7009_diff_drive_robot/share/el7009_diff_drive_robot/urdf/inertial_macros.xacro
[0.588s] -- Up-to-date symlink: /home/EL7009/tarea_1/install/el7009_diff_drive_robot/share/el7009_diff_drive_robot/urdf/lidar.xacro
[0.588s] -- Up-to-date symlink: /home/EL7009/tarea_1/install/el7009_diff_drive_robot/share/el7009_diff_drive_robot/urdf/robot.urdf.xacro
[0.588s] -- Up-to-date symlink: /home/EL7009/tarea_1/install/el7009_diff_drive_robot/share/el7009_diff_drive_robot/urdf/robot_core.xacro
[0.588s] -- Up-to-date symlink: /home/EL7009/tarea_1/install/el7009_diff_drive_robot/share/el7009_diff_drive_robot/config/gz_bridge.yaml
[0.589s] -- Up-to-date symlink: /home/EL7009/tarea_1/install/el7009_diff_drive_robot/share/el7009_diff_drive_robot/worlds/empty.world
[0.589s] -- Up-to-date symlink: /home/EL7009/tarea_1/install/el7009_diff_drive_robot/share/el7009_diff_drive_robot/worlds/industrial-warehouse.sdf
[0.589s] -- Up-to-date symlink: /home/EL7009/tarea_1/install/el7009_diff_drive_robot/share/el7009_diff_drive_robot/worlds/obstacles.world
[0.589s] -- Up-to-date symlink: /home/EL7009/tarea_1/install/el7009_diff_drive_robot/share/el7009_diff_drive_robot/rviz/bot.rviz
[0.589s] -- Up-to-date symlink: /home/EL7009/tarea_1/install/el7009_diff_drive_robot/lib/el7009_diff_drive_robot/example_controller.py
[0.590s] -- Symlinking: /home/EL7009/tarea_1/install/el7009_diff_drive_robot/lib/el7009_diff_drive_robot/kinematics_equations.py
[0.605s] -- Up-to-date symlink: /home/EL7009/tarea_1/install/el7009_diff_drive_robot/share/ament_index/resource_index/package_run_dependencies/el7009_diff_drive_robot
[0.605s] -- Up-to-date symlink: /home/EL7009/tarea_1/install/el7009_diff_drive_robot/share/ament_index/resource_index/parent_prefix_path/el7009_diff_drive_robot
[0.605s] -- Up-to-date symlink: /home/EL7009/tarea_1/install/el7009_diff_drive_robot/share/el7009_diff_drive_robot/environment/ament_prefix_path.sh
[0.606s] -- Up-to-date symlink: /home/EL7009/tarea_1/install/el7009_diff_drive_robot/share/el7009_diff_drive_robot/environment/ament_prefix_path.dsv
[0.606s] -- Up-to-date symlink: /home/EL7009/tarea_1/install/el7009_diff_drive_robot/share/el7009_diff_drive_robot/environment/path.sh
[0.606s] -- Up-to-date symlink: /home/EL7009/tarea_1/install/el7009_diff_drive_robot/share/el7009_diff_drive_robot/environment/path.dsv
[0.606s] -- Up-to-date symlink: /home/EL7009/tarea_1/install/el7009_diff_drive_robot/share/el7009_diff_drive_robot/local_setup.bash
[0.606s] -- Up-to-date symlink: /home/EL7009/tarea_1/install/el7009_diff_drive_robot/share/el7009_diff_drive_robot/local_setup.sh
[0.606s] -- Up-to-date symlink: /home/EL7009/tarea_1/install/el7009_diff_drive_robot/share/el7009_diff_drive_robot/local_setup.zsh
[0.607s] -- Up-to-date symlink: /home/EL7009/tarea_1/install/el7009_diff_drive_robot/share/el7009_diff_drive_robot/local_setup.dsv
[0.607s] -- Symlinking: /home/EL7009/tarea_1/install/el7009_diff_drive_robot/share/el7009_diff_drive_robot/package.dsv
[0.622s] -- Up-to-date symlink: /home/EL7009/tarea_1/install/el7009_diff_drive_robot/share/ament_index/resource_index/packages/el7009_diff_drive_robot
[0.622s] -- Up-to-date symlink: /home/EL7009/tarea_1/install/el7009_diff_drive_robot/share/el7009_diff_drive_robot/cmake/el7009_diff_drive_robotConfig.cmake
[0.623s] -- Up-to-date symlink: /home/EL7009/tarea_1/install/el7009_diff_drive_robot/share/el7009_diff_drive_robot/cmake/el7009_diff_drive_robotConfig-version.cmake
[0.623s] -- Up-to-date symlink: /home/EL7009/tarea_1/install/el7009_diff_drive_robot/share/el7009_diff_drive_robot/package.xml
[0.626s] Invoked command in '/home/EL7009/tarea_1/build/el7009_diff_drive_robot' returned '0': CMAKE_PREFIX_PATH=${CMAKE_PREFIX_PATH}:/opt/ros/jazzy /usr/bin/cmake --install /home/EL7009/tarea_1/build/el7009_diff_drive_robot
